<?xml version="1.0" encoding="UTF-8"?>
<!-- Generated by org.testng.reporters.JUnitReportReporter -->
<testsuite hostname="LAPTOP-R8RL5IE9" failures="0" tests="4" name="DRA.api.tests.DRAtests" time="4.086" errors="0" timestamp="2022-11-02T22:57:44 IST" skipped="0">
  <testcase classname="DRA.api.tests.DRAtests" name="Registrationflow" time="2.762"/>
  <system-out/>
  <testcase classname="DRA.api.tests.DRAtests" name="Loginflow" time="0.746"/>
  <system-out/>
  <testcase classname="DRA.api.tests.DRAtests" name="Getusers" time="0.284"/>
  <system-out/>
  <testcase classname="DRA.api.tests.DRAtests" name="createusertest" time="0.294"/>
  <system-out/>
</testsuite> <!-- DRA.api.tests.DRAtests -->
